find: /usr/sbin/authserver: Permission denied
find: /Library/Application Support/Apple/ParentalControls/Users: Permission denied
find: /Library/Application Support/Apple/AssetCache/Data: Permission denied
find: /Library/Application Support/ApplePushService: Permission denied
find: /Library/Application Support/com.apple.TCC: Operation not permitted
find: /Library/Caches/Desktop Pictures/25B94307-6CB1-4810-ACDC-00FB89005192: Permission denied
find: /Library/Caches/com.apple.iconservices.store: Permission denied
find: /Library/Caches/com.apple.aned: Operation not permitted
find: /System/Library/DirectoryServices/DefaultLocalDB/Default: Permission denied
find: /System/Library/Templates/Data/Library/Application Support/Apple/ParentalControls/Users: Permission denied
find: /System/Library/Templates/Data/Library/Application Support/com.apple.TCC: Operation not permitted
find: /System/Library/Templates/Data/private/etc/cups/certs: Permission denied
find: /System/Library/Templates/Data/private/var/install: Permission denied
find: /System/Library/Templates/Data/private/var/ma: Permission denied
find: /System/Library/Templates/Data/private/var/spool/mqueue: Permission denied
find: /System/Library/Templates/Data/private/var/spool/postfix/saved: Permission denied
find: /System/Library/Templates/Data/private/var/spool/postfix/trace: Permission denied
find: /System/Library/Templates/Data/private/var/spool/postfix/defer: Permission denied
find: /System/Library/Templates/Data/private/var/spool/postfix/flush: Permission denied
find: /System/Library/Templates/Data/private/var/spool/postfix/deferred: Permission denied
find: /System/Library/Templates/Data/private/var/spool/postfix/corrupt: Permission denied
find: /System/Library/Templates/Data/private/var/spool/postfix/public: Permission denied
find: /System/Library/Templates/Data/private/var/spool/postfix/private: Permission denied
find: /System/Library/Templates/Data/private/var/spool/postfix/incoming: Permission denied
find: /System/Library/Templates/Data/private/var/spool/postfix/active: Permission denied
find: /System/Library/Templates/Data/private/var/spool/postfix/maildrop: Permission denied
find: /System/Library/Templates/Data/private/var/spool/postfix/hold: Permission denied
find: /System/Library/Templates/Data/private/var/spool/postfix/bounce: Permission denied
find: /System/Library/Templates/Data/private/var/spool/cups: Permission denied
find: /System/Library/Templates/Data/private/var/jabberd: Permission denied
find: /System/Library/Templates/Data/private/var/audit: Permission denied
find: /System/Library/Templates/Data/private/var/root: Permission denied
find: /System/Library/Templates/Data/private/var/lib/postfix: Permission denied
find: /System/Library/Templates/Data/private/var/db/appinstalld: Permission denied
find: /System/Library/Templates/Data/private/var/db/diskimagesiod: Permission denied
find: /System/Library/Templates/Data/private/var/db/locationd: Permission denied
find: /System/Library/Templates/Data/private/var/db/sysdiagnose/com.apple.sysdiagnose: Permission denied
find: /System/Library/Templates/Data/private/var/db/analyticsd: Permission denied
find: /System/Library/Templates/Data/private/var/db/rmd: Permission denied
find: /System/Library/Templates/Data/private/var/db/knowledgegraphd: Permission denied
find: /System/Library/Templates/Data/private/var/db/nsurlsessiond: Permission denied
find: /System/Library/Templates/Data/private/var/db/fpsd: Permission denied
find: /System/Library/Templates/Data/private/var/db/hidd: Permission denied
find: /System/Library/Templates/Data/private/var/db/installcoordinationd: Permission denied
find: /System/Library/Templates/Data/private/var/db/geod: Permission denied
find: /System/Library/Templates/Data/private/var/db/oah: Operation not permitted
find: /System/Library/Templates/Data/private/var/db/reportmemoryexception: Permission denied
find: /System/Library/Templates/Data/private/var/db/lockdown: Permission denied
find: /System/Library/Templates/Data/private/var/db/datadetectors: Permission denied
find: /System/Library/Templates/Data/private/var/db/cmiodalassistants: Permission denied
find: /System/Library/Templates/Data/private/var/db/com.apple.xpc.roleaccountd.staging: Permission denied
find: /System/Library/Templates/Data/private/var/db/dslocal/nodes/Default: Permission denied
find: /System/Library/Templates/Data/private/var/db/nearbyd: Permission denied
find: /System/Library/Templates/Data/private/var/db/timed: Permission denied
find: /System/Library/Templates/Data/private/var/db/applepay: Permission denied
find: /System/Library/Templates/Data/private/var/db/darwindaemon: Permission denied
find: /System/Library/Templates/Data/private/var/db/securityagent: Permission denied
find: /System/Library/Templates/Data/private/var/db/accessoryupdater: Permission denied
find: /System/Library/Templates/Data/private/var/db/ConfigurationProfiles/Store: Permission denied
find: /System/Library/Templates/Data/private/var/db/caches/opendirectory: Permission denied
find: /System/Library/Templates/Data/private/var/at/tabs: Permission denied
find: /System/Library/Templates/Data/private/var/at/tmp: Permission denied
find: /System/Library/Templates/Data/private/var/backups: Permission denied
find: /System/Library/Templates/Data/private/var/agentx: Permission denied
find: /System/Library/Caches/com.apple.appstored: Permission denied
find: /System/Library/Caches/com.apple.coresymbolicationd: Permission denied
find: /System/Volumes/Update/Hardware: Permission denied
find: /System/Volumes/Update/Controller: Permission denied
find: /System/Volumes/Data/.Spotlight-V100: No such file or directory
find: /System/Volumes/Data/Library/Application Support/Apple/ParentalControls/Users: Permission denied
find: /System/Volumes/Data/Library/Application Support/Apple/AssetCache/Data: Permission denied
find: /System/Volumes/Data/Library/Application Support/ApplePushService: Permission denied
find: /System/Volumes/Data/Library/Application Support/com.apple.TCC: Operation not permitted
find: /System/Volumes/Data/Library/Caches/Desktop Pictures/25B94307-6CB1-4810-ACDC-00FB89005192: Permission denied
find: /System/Volumes/Data/Library/Caches/com.apple.iconservices.store: Permission denied
find: /System/Volumes/Data/Library/Caches/com.apple.aned: Operation not permitted
find: /System/Volumes/Data/System/Library/DirectoryServices/DefaultLocalDB/Default: Permission denied
find: /System/Volumes/Data/System/Library/Templates/Data/Library/Application Support/Apple/ParentalControls/Users: Permission denied
find: /System/Volumes/Data/System/Library/Templates/Data/Library/Application Support/com.apple.TCC: Operation not permitted
find: /System/Volumes/Data/System/Library/Templates/Data/private/etc/cups/certs: Permission denied
find: /System/Volumes/Data/System/Library/Templates/Data/private/var/install: Permission denied
find: /System/Volumes/Data/System/Library/Templates/Data/private/var/ma: Permission denied
find: /System/Volumes/Data/System/Library/Templates/Data/private/var/spool/mqueue: Permission denied
find: /System/Volumes/Data/System/Library/Templates/Data/private/var/spool/postfix/saved: Permission denied
find: /System/Volumes/Data/System/Library/Templates/Data/private/var/spool/postfix/trace: Permission denied
find: /System/Volumes/Data/System/Library/Templates/Data/private/var/spool/postfix/defer: Permission denied
find: /System/Volumes/Data/System/Library/Templates/Data/private/var/spool/postfix/flush: Permission denied
find: /System/Volumes/Data/System/Library/Templates/Data/private/var/spool/postfix/deferred: Permission denied
find: /System/Volumes/Data/System/Library/Templates/Data/private/var/spool/postfix/corrupt: Permission denied
find: /System/Volumes/Data/System/Library/Templates/Data/private/var/spool/postfix/public: Permission denied
find: /System/Volumes/Data/System/Library/Templates/Data/private/var/spool/postfix/private: Permission denied
find: /System/Volumes/Data/System/Library/Templates/Data/private/var/spool/postfix/incoming: Permission denied
find: /System/Volumes/Data/System/Library/Templates/Data/private/var/spool/postfix/active: Permission denied
find: /System/Volumes/Data/System/Library/Templates/Data/private/var/spool/postfix/maildrop: Permission denied
find: /System/Volumes/Data/System/Library/Templates/Data/private/var/spool/postfix/hold: Permission denied
find: /System/Volumes/Data/System/Library/Templates/Data/private/var/spool/postfix/bounce: Permission denied
find: /System/Volumes/Data/System/Library/Templates/Data/private/var/spool/cups: Permission denied
find: /System/Volumes/Data/System/Library/Templates/Data/private/var/jabberd: Permission denied
find: /System/Volumes/Data/System/Library/Templates/Data/private/var/audit: Permission denied
find: /System/Volumes/Data/System/Library/Templates/Data/private/var/root: Permission denied
find: /System/Volumes/Data/System/Library/Templates/Data/private/var/lib/postfix: Permission denied
find: /System/Volumes/Data/System/Library/Templates/Data/private/var/db/appinstalld: Permission denied
find: /System/Volumes/Data/System/Library/Templates/Data/private/var/db/diskimagesiod: Permission denied
find: /System/Volumes/Data/System/Library/Templates/Data/private/var/db/locationd: Permission denied
find: /System/Volumes/Data/System/Library/Templates/Data/private/var/db/sysdiagnose/com.apple.sysdiagnose: Permission denied
find: /System/Volumes/Data/System/Library/Templates/Data/private/var/db/analyticsd: Permission denied
find: /System/Volumes/Data/System/Library/Templates/Data/private/var/db/rmd: Permission denied
find: /System/Volumes/Data/System/Library/Templates/Data/private/var/db/knowledgegraphd: Permission denied
find: /System/Volumes/Data/System/Library/Templates/Data/private/var/db/nsurlsessiond: Permission denied
find: /System/Volumes/Data/System/Library/Templates/Data/private/var/db/fpsd: Permission denied
find: /System/Volumes/Data/System/Library/Templates/Data/private/var/db/hidd: Permission denied
find: /System/Volumes/Data/System/Library/Templates/Data/private/var/db/installcoordinationd: Permission denied
find: /System/Volumes/Data/System/Library/Templates/Data/private/var/db/geod: Permission denied
find: /System/Volumes/Data/System/Library/Templates/Data/private/var/db/oah: Operation not permitted
find: /System/Volumes/Data/System/Library/Templates/Data/private/var/db/reportmemoryexception: Permission denied
find: /System/Volumes/Data/System/Library/Templates/Data/private/var/db/lockdown: Permission denied
find: /System/Volumes/Data/System/Library/Templates/Data/private/var/db/datadetectors: Permission denied
find: /System/Volumes/Data/System/Library/Templates/Data/private/var/db/cmiodalassistants: Permission denied
find: /System/Volumes/Data/System/Library/Templates/Data/private/var/db/com.apple.xpc.roleaccountd.staging: Permission denied
find: /System/Volumes/Data/System/Library/Templates/Data/private/var/db/dslocal/nodes/Default: Permission denied
find: /System/Volumes/Data/System/Library/Templates/Data/private/var/db/nearbyd: Permission denied
find: /System/Volumes/Data/System/Library/Templates/Data/private/var/db/timed: Permission denied
find: /System/Volumes/Data/System/Library/Templates/Data/private/var/db/applepay: Permission denied
find: /System/Volumes/Data/System/Library/Templates/Data/private/var/db/darwindaemon: Permission denied
find: /System/Volumes/Data/System/Library/Templates/Data/private/var/db/securityagent: Permission denied
find: /System/Volumes/Data/System/Library/Templates/Data/private/var/db/accessoryupdater: Permission denied
find: /System/Volumes/Data/System/Library/Templates/Data/private/var/db/ConfigurationProfiles/Store: Permission denied
find: /System/Volumes/Data/System/Library/Templates/Data/private/var/db/caches/opendirectory: Permission denied
find: /System/Volumes/Data/System/Library/Templates/Data/private/var/at/tabs: Permission denied
find: /System/Volumes/Data/System/Library/Templates/Data/private/var/at/tmp: Permission denied
find: /System/Volumes/Data/System/Library/Templates/Data/private/var/backups: Permission denied
find: /System/Volumes/Data/System/Library/Templates/Data/private/var/agentx: Permission denied
find: /System/Volumes/Data/System/Library/Caches/com.apple.appstored: Permission denied
find: /System/Volumes/Data/System/Library/Caches/com.apple.coresymbolicationd: Permission denied
find: /System/Volumes/Data/mnt: No such file or directory
find: /System/Volumes/Data/.fseventsd: No such file or directory
find: /System/Volumes/Data/private/etc/cups/certs: Permission denied
find: /System/Volumes/Data/private/var/networkd/Library: Permission denied
find: /System/Volumes/Data/private/var/networkd/db: Operation not permitted
find: /System/Volumes/Data/private/var/install: Permission denied
find: /System/Volumes/Data/private/var/ma: Permission denied
find: /System/Volumes/Data/private/var/spool/mqueue: Permission denied
find: /System/Volumes/Data/private/var/spool/postfix/saved: Permission denied
find: /System/Volumes/Data/private/var/spool/postfix/trace: Permission denied
find: /System/Volumes/Data/private/var/spool/postfix/defer: Permission denied
find: /System/Volumes/Data/private/var/spool/postfix/flush: Permission denied
find: /System/Volumes/Data/private/var/spool/postfix/deferred: Permission denied
find: /System/Volumes/Data/private/var/spool/postfix/corrupt: Permission denied
find: /System/Volumes/Data/private/var/spool/postfix/public: Permission denied
find: /System/Volumes/Data/private/var/spool/postfix/private: Permission denied
find: /System/Volumes/Data/private/var/spool/postfix/incoming: Permission denied
find: /System/Volumes/Data/private/var/spool/postfix/active: Permission denied
find: /System/Volumes/Data/private/var/spool/postfix/maildrop: Permission denied
find: /System/Volumes/Data/private/var/spool/postfix/hold: Permission denied
find: /System/Volumes/Data/private/var/spool/postfix/bounce: Permission denied
find: /System/Volumes/Data/private/var/spool/cups: Permission denied
find: /System/Volumes/Data/private/var/jabberd: Permission denied
find: /System/Volumes/Data/private/var/audit: Permission denied
find: /System/Volumes/Data/private/var/root: Permission denied
find: /System/Volumes/Data/private/var/lib/postfix: Permission denied
find: /System/Volumes/Data/private/var/db/appinstalld: Operation not permitted
find: /System/Volumes/Data/private/var/db/diskimagesiod: Permission denied
find: /System/Volumes/Data/private/var/db/Spotlight: Operation not permitted
find: /System/Volumes/Data/private/var/db/locationd: Permission denied
find: /System/Volumes/Data/private/var/db/sysdiagnose/com.apple.sysdiagnose: Operation not permitted
find: /System/Volumes/Data/private/var/db/SoC: Operation not permitted
find: /System/Volumes/Data/private/var/db/DumpPanic: Operation not permitted
find: /System/Volumes/Data/private/var/db/analyticsd: Permission denied
find: /System/Volumes/Data/private/var/db/rmd: Permission denied
find: /System/Volumes/Data/private/var/db/knowledgegraphd: Permission denied
find: /System/Volumes/Data/private/var/db/nsurlsessiond: Permission denied
find: /System/Volumes/Data/private/var/db/softwareupdate/Library/WebKit: Permission denied
find: /System/Volumes/Data/private/var/db/softwareupdate/Library/Preferences: Permission denied
find: /System/Volumes/Data/private/var/db/fpsd: Permission denied
find: /System/Volumes/Data/private/var/db/hidd: Permission denied
find: /System/Volumes/Data/private/var/db/installcoordinationd: Operation not permitted
find: /System/Volumes/Data/private/var/db/Spotlight-V100: Operation not permitted
find: /System/Volumes/Data/private/var/db/geod: Permission denied
find: /System/Volumes/Data/private/var/db/oah: Operation not permitted
find: /System/Volumes/Data/private/var/db/reportmemoryexception: Permission denied
find: /System/Volumes/Data/private/var/db/Sandbox: Operation not permitted
find: /System/Volumes/Data/private/var/db/lockdown: Operation not permitted
find: /System/Volumes/Data/private/var/db/KernelExtensionManagement/Staging: Operation not permitted
find: /System/Volumes/Data/private/var/db/datadetectors: Permission denied
find: /System/Volumes/Data/private/var/db/cmiodalassistants: Permission denied
find: /System/Volumes/Data/private/var/db/DifferentialPrivacy: Operation not permitted
find: /System/Volumes/Data/private/var/db/com.apple.xpc.roleaccountd.staging: Permission denied
find: /System/Volumes/Data/private/var/db/dslocal/nodes/Default: Permission denied
find: /System/Volumes/Data/private/var/db/sudo: Permission denied
find: /System/Volumes/Data/private/var/db/nearbyd: Permission denied
find: /System/Volumes/Data/private/var/db/MobileIdentityService: Operation not permitted
find: /System/Volumes/Data/private/var/db/dhcpclient: Permission denied
find: /System/Volumes/Data/private/var/db/timed: Permission denied
find: /System/Volumes/Data/private/var/db/applepay: Permission denied
find: /System/Volumes/Data/private/var/db/darwindaemon: Permission denied
find: /System/Volumes/Data/private/var/db/securityagent: Permission denied
find: /System/Volumes/Data/private/var/db/accessoryupdater: Permission denied
find: /System/Volumes/Data/private/var/db/searchparty: Operation not permitted
find: /System/Volumes/Data/private/var/db/CoreDuet: Operation not permitted
find: /System/Volumes/Data/private/var/db/ConfigurationProfiles/Store: Operation not permitted
find: /System/Volumes/Data/private/var/db/caches/opendirectory: Permission denied
find: /System/Volumes/Data/private/var/at/tabs: Permission denied
find: /System/Volumes/Data/private/var/at/tmp: Permission denied
find: /System/Volumes/Data/private/var/folders/ky/vz1z7t952c3_k_d3jz0t_0c00000gp/0/com.apple.ScreenTimeAgent/Store: Operation not permitted
find: /System/Volumes/Data/private/var/folders/ky/vz1z7t952c3_k_d3jz0t_0c00000gp/0/com.apple.lockoutagent: Operation not permitted
find: /System/Volumes/Data/private/var/folders/ky/vz1z7t952c3_k_d3jz0t_0c00000gp/0/com.apple.progressd/ClassKit: Operation not permitted
find: /System/Volumes/Data/private/var/folders/ky/vz1z7t952c3_k_d3jz0t_0c00000gp/0/com.apple.exchangesync: Operation not permitted
find: /System/Volumes/Data/private/var/folders/ky/vz1z7t952c3_k_d3jz0t_0c00000gp/0/com.apple.LaunchServices.dv: Operation not permitted
find: /System/Volumes/Data/private/var/folders/ky/vz1z7t952c3_k_d3jz0t_0c00000gp/0/dmd: Operation not permitted
find: /System/Volumes/Data/private/var/folders/ky/vz1z7t952c3_k_d3jz0t_0c00000gp/0/com.apple.nsurlsessiond: Operation not permitted
find: /System/Volumes/Data/private/var/folders/ky/vz1z7t952c3_k_d3jz0t_0c00000gp/0/com.apple.SharedWebCredentials: Operation not permitted
find: /System/Volumes/Data/private/var/folders/ky/vz1z7t952c3_k_d3jz0t_0c00000gp/0/com.apple.routined/dv: Operation not permitted
find: /System/Volumes/Data/private/var/folders/ky/vz1z7t952c3_k_d3jz0t_0c00000gp/T/com.apple.stocks.detailintents/TemporaryItems: Operation not permitted
find: /System/Volumes/Data/private/var/folders/ky/vz1z7t952c3_k_d3jz0t_0c00000gp/T/com.apple.appleaccountd/TemporaryItems: Operation not permitted
find: /System/Volumes/Data/private/var/folders/ky/vz1z7t952c3_k_d3jz0t_0c00000gp/T/com.apple.ScreenTimeAgent/TemporaryItems: Operation not permitted
find: /System/Volumes/Data/private/var/folders/ky/vz1z7t952c3_k_d3jz0t_0c00000gp/T/com.apple.weather.widget/TemporaryItems: Operation not permitted
find: /System/Volumes/Data/private/var/folders/ky/vz1z7t952c3_k_d3jz0t_0c00000gp/T/com.apple.siriactionsd/TemporaryItems: Operation not permitted
find: /System/Volumes/Data/private/var/folders/ky/vz1z7t952c3_k_d3jz0t_0c00000gp/T/com.apple.progressd/TemporaryItems: Operation not permitted
find: /System/Volumes/Data/private/var/folders/ky/vz1z7t952c3_k_d3jz0t_0c00000gp/T/com.apple.photolibraryd/TemporaryItems: Operation not permitted
find: /System/Volumes/Data/private/var/folders/ky/vz1z7t952c3_k_d3jz0t_0c00000gp/T/com.apple.trustd/TemporaryItems: Operation not permitted
find: /System/Volumes/Data/private/var/folders/ky/vz1z7t952c3_k_d3jz0t_0c00000gp/T/com.apple.triald/TemporaryItems: Operation not permitted
find: /System/Volumes/Data/private/var/folders/ky/vz1z7t952c3_k_d3jz0t_0c00000gp/T/com.apple.BKAgentService/TemporaryItems: Operation not permitted
find: /System/Volumes/Data/private/var/folders/ky/vz1z7t952c3_k_d3jz0t_0c00000gp/T/com.apple.mediastream.mstreamd/TemporaryItems: Operation not permitted
find: /System/Volumes/Data/private/var/folders/ky/vz1z7t952c3_k_d3jz0t_0c00000gp/T/com.apple.news.tag/TemporaryItems: Operation not permitted
find: /System/Volumes/Data/private/var/folders/ky/vz1z7t952c3_k_d3jz0t_0c00000gp/T/com.apple.Home/TemporaryItems: Operation not permitted
find: /System/Volumes/Data/private/var/folders/ky/vz1z7t952c3_k_d3jz0t_0c00000gp/T/com.apple.Safari/TemporaryItems: Operation not permitted
find: /System/Volumes/Data/private/var/folders/ky/vz1z7t952c3_k_d3jz0t_0c00000gp/T/com.apple.news.widget/TemporaryItems: Operation not permitted
find: /System/Volumes/Data/private/var/folders/ky/vz1z7t952c3_k_d3jz0t_0c00000gp/T/com.apple.mapspushd/TemporaryItems: Operation not permitted
find: /System/Volumes/Data/private/var/folders/ky/vz1z7t952c3_k_d3jz0t_0c00000gp/T/com.apple.photoanalysisd/TemporaryItems: Operation not permitted
find: /System/Volumes/Data/private/var/folders/ky/vz1z7t952c3_k_d3jz0t_0c00000gp/T/com.apple.appstoreagent/TemporaryItems: Operation not permitted
find: /System/Volumes/Data/private/var/folders/ky/vz1z7t952c3_k_d3jz0t_0c00000gp/T/com.apple.notificationcenterui/TemporaryItems: Operation not permitted
find: /System/Volumes/Data/private/var/folders/ky/vz1z7t952c3_k_d3jz0t_0c00000gp/T/com.apple.BiomeAgent/TemporaryItems: Operation not permitted
find: /System/Volumes/Data/private/var/folders/ky/vz1z7t952c3_k_d3jz0t_0c00000gp/T/com.apple.icloud.searchpartyd/TemporaryItems: Operation not permitted
find: /System/Volumes/Data/private/var/folders/ky/vz1z7t952c3_k_d3jz0t_0c00000gp/T/TemporaryItems: Operation not permitted
find: /System/Volumes/Data/private/var/folders/ky/vz1z7t952c3_k_d3jz0t_0c00000gp/T/com.apple.parsec-fbf/TemporaryItems: Operation not permitted
find: /System/Volumes/Data/private/var/folders/ky/vz1z7t952c3_k_d3jz0t_0c00000gp/T/gamed/TemporaryItems: Operation not permitted
find: /System/Volumes/Data/private/var/folders/ky/vz1z7t952c3_k_d3jz0t_0c00000gp/T/com.apple.fileproviderd/TemporaryItems: Operation not permitted
find: /System/Volumes/Data/private/var/folders/ky/vz1z7t952c3_k_d3jz0t_0c00000gp/T/com.apple.nsurlsessiond/TemporaryItems: Operation not permitted
find: /System/Volumes/Data/private/var/folders/ky/vz1z7t952c3_k_d3jz0t_0c00000gp/T/com.apple.MobileSMS/TemporaryItems: Operation not permitted
find: /System/Volumes/Data/private/var/folders/ky/vz1z7t952c3_k_d3jz0t_0c00000gp/T/com.apple.AppStore/TemporaryItems: Operation not permitted
find: /System/Volumes/Data/private/var/folders/ky/vz1z7t952c3_k_d3jz0t_0c00000gp/T/com.apple.news.widgetintents/TemporaryItems: Operation not permitted
find: /System/Volumes/Data/private/var/folders/ky/vz1z7t952c3_k_d3jz0t_0c00000gp/T/com.apple.passd/TemporaryItems: Operation not permitted
find: /System/Volumes/Data/private/var/folders/ky/vz1z7t952c3_k_d3jz0t_0c00000gp/T/com.apple.remindd/TemporaryItems: Operation not permitted
find: /System/Volumes/Data/private/var/folders/ky/vz1z7t952c3_k_d3jz0t_0c00000gp/T/com.apple.studentd/TemporaryItems: Operation not permitted
find: /System/Volumes/Data/private/var/folders/ky/vz1z7t952c3_k_d3jz0t_0c00000gp/T/com.apple.parsecd/TemporaryItems: Operation not permitted
find: /System/Volumes/Data/private/var/folders/ky/vz1z7t952c3_k_d3jz0t_0c00000gp/T/icdd/TemporaryItems: Operation not permitted
find: /System/Volumes/Data/private/var/folders/ky/vz1z7t952c3_k_d3jz0t_0c00000gp/T/com.apple.identityservicesd/TemporaryItems: Operation not permitted
find: /System/Volumes/Data/private/var/folders/ky/vz1z7t952c3_k_d3jz0t_0c00000gp/T/com.apple.sharingd/TemporaryItems: Operation not permitted
find: /System/Volumes/Data/private/var/folders/ky/vz1z7t952c3_k_d3jz0t_0c00000gp/T/com.apple.geod/TemporaryItems: Operation not permitted
find: /System/Volumes/Data/private/var/folders/ky/vz1z7t952c3_k_d3jz0t_0c00000gp/T/com.apple.bird/TemporaryItems: Operation not permitted
find: /System/Volumes/Data/private/var/folders/ky/vz1z7t952c3_k_d3jz0t_0c00000gp/T/com.apple.routined/TemporaryItems: Operation not permitted
find: /System/Volumes/Data/private/var/folders/ky/vz1z7t952c3_k_d3jz0t_0c00000gp/T/com.apple.stocks.widget/TemporaryItems: Operation not permitted
find: /System/Volumes/Data/private/var/folders/ky/vz1z7t952c3_k_d3jz0t_0c00000gp/T/homed/TemporaryItems: Operation not permitted
find: /System/Volumes/Data/private/var/folders/ky/vz1z7t952c3_k_d3jz0t_0c00000gp/T/com.apple.quicklook.ThumbnailsAgent/TemporaryItems: Operation not permitted
find: /System/Volumes/Data/private/var/folders/ky/vz1z7t952c3_k_d3jz0t_0c00000gp/T/com.apple.pluginkit/TemporaryItems: Operation not permitted
find: /System/Volumes/Data/private/var/folders/ky/vz1z7t952c3_k_d3jz0t_0c00000gp/T/com.apple.donotdisturbd/TemporaryItems: Operation not permitted
find: /System/Volumes/Data/private/var/folders/ky/vz1z7t952c3_k_d3jz0t_0c00000gp/T/itunescloudd/TemporaryItems: Operation not permitted
find: /System/Volumes/Data/private/var/folders/ky/vz1z7t952c3_k_d3jz0t_0c00000gp/T/com.apple.CloudDocsDaemon.container-metadata-extractor/TemporaryItems: Operation not permitted
find: /System/Volumes/Data/private/var/folders/ky/vz1z7t952c3_k_d3jz0t_0c00000gp/T/com.apple.AvatarUI.AvatarPickerMemojiPicker/TemporaryItems: Operation not permitted
find: /System/Volumes/Data/private/var/folders/ky/vz1z7t952c3_k_d3jz0t_0c00000gp/T/com.apple.mediaanalysisd/TemporaryItems: Operation not permitted
find: /System/Volumes/Data/private/var/folders/ky/vz1z7t952c3_k_d3jz0t_0c00000gp/C/com.apple.WebKit.WebContent.Sandbox: Operation not permitted
find: /System/Volumes/Data/private/var/folders/ky/vz1z7t952c3_k_d3jz0t_0c00000gp/C/com.apple.WebKit.Networking.Sandbox: Operation not permitted
find: /System/Volumes/Data/private/var/folders/ky/vz1z7t952c3_k_d3jz0t_0c00000gp/C/com.apple.quicklook.ThumbnailsAgent/com.apple.QuickLook.thumbnailcache: Operation not permitted
find: /System/Volumes/Data/private/var/folders/ky/vz1z7t952c3_k_d3jz0t_0c00000gp/C/com.apple.WebKit.GPU.Sandbox: Operation not permitted
find: /System/Volumes/Data/private/var/folders/4p/wm61vcp5411b6w03xrk02jk80000gn/0/com.apple.ScreenTimeAgent/Store: Operation not permitted
find: /System/Volumes/Data/private/var/folders/4p/wm61vcp5411b6w03xrk02jk80000gn/0/com.apple.lockoutagent: Operation not permitted
find: /System/Volumes/Data/private/var/folders/4p/wm61vcp5411b6w03xrk02jk80000gn/0/com.apple.progressd/ClassKit: Operation not permitted
find: /System/Volumes/Data/private/var/folders/4p/wm61vcp5411b6w03xrk02jk80000gn/0/com.apple.LaunchServices.dv: Operation not permitted
find: /System/Volumes/Data/private/var/folders/4p/wm61vcp5411b6w03xrk02jk80000gn/0/dmd: Operation not permitted
find: /System/Volumes/Data/private/var/folders/4p/wm61vcp5411b6w03xrk02jk80000gn/0/com.apple.notificationcenter: Permission denied
find: /System/Volumes/Data/private/var/folders/4p/wm61vcp5411b6w03xrk02jk80000gn/0/com.apple.nsurlsessiond: Operation not permitted
find: /System/Volumes/Data/private/var/folders/4p/wm61vcp5411b6w03xrk02jk80000gn/0/com.apple.SharedWebCredentials: Operation not permitted
find: /System/Volumes/Data/private/var/folders/4p/wm61vcp5411b6w03xrk02jk80000gn/0/com.apple.routined/dv: Operation not permitted
find: /System/Volumes/Data/private/var/folders/4p/wm61vcp5411b6w03xrk02jk80000gn/0/com.apple.pluginkit: Permission denied
find: /System/Volumes/Data/private/var/folders/4p/wm61vcp5411b6w03xrk02jk80000gn/0/com.apple.dock.launchpad: Permission denied
find: /System/Volumes/Data/private/var/folders/4p/wm61vcp5411b6w03xrk02jk80000gn/T: Permission denied
find: /System/Volumes/Data/private/var/folders/4p/wm61vcp5411b6w03xrk02jk80000gn/C: Permission denied
find: /System/Volumes/Data/private/var/folders/zz/zyxvpxvq6csfxvn_n00000b000002r/T: Permission denied
find: /System/Volumes/Data/private/var/folders/zz/zyxvpxvq6csfxvn_n00000b000002r/C: Permission denied
find: /System/Volumes/Data/private/var/folders/zz/zyxvpxvq6csfxvn_n000010r000086/T: Permission denied
find: /System/Volumes/Data/private/var/folders/zz/zyxvpxvq6csfxvn_n000010r000086/C: Permission denied
find: /System/Volumes/Data/private/var/folders/zz/zyxvpxvq6csfxvn_n00000sm00006d/0: Operation not permitted
find: /System/Volumes/Data/private/var/folders/zz/zyxvpxvq6csfxvn_n00000sm00006d/T: Permission denied
find: /System/Volumes/Data/private/var/folders/zz/zyxvpxvq6csfxvn_n00000sm00006d/C: Operation not permitted
find: /System/Volumes/Data/private/var/folders/zz/zyxvpxvq6csfxvn_n000011m00008d/T: Permission denied
find: /System/Volumes/Data/private/var/folders/zz/zyxvpxvq6csfxvn_n000011m00008d/C: Permission denied
find: /System/Volumes/Data/private/var/folders/zz/zyxvpxvq6csfxvn_n00000b400002s/T: Permission denied
find: /System/Volumes/Data/private/var/folders/zz/zyxvpxvq6csfxvn_n00000b400002s/C: Permission denied
find: /System/Volumes/Data/private/var/folders/zz/zyxvpxvq6csfxvn_n00000y000007h/T: Permission denied
find: /System/Volumes/Data/private/var/folders/zz/zyxvpxvq6csfxvn_n00000y000007h/C: Permission denied
find: /System/Volumes/Data/private/var/folders/zz/zyxvpxvq6csfxvn_n000003000000r/T: Permission denied
find: /System/Volumes/Data/private/var/folders/zz/zyxvpxvq6csfxvn_n000003000000r/C: Permission denied
find: /System/Volumes/Data/private/var/folders/zz/zyxvpxvq6csfxvn_n00000s800006_/T: Permission denied
find: /System/Volumes/Data/private/var/folders/zz/zyxvpxvq6csfxvn_n00000s800006_/C: Permission denied
find: /System/Volumes/Data/private/var/folders/zz/zyxvpxvq6csfxvn_n0000084000021/T: Permission denied
find: /System/Volumes/Data/private/var/folders/zz/zyxvpxvq6csfxvn_n0000084000021/C: Permission denied
find: /System/Volumes/Data/private/var/folders/zz/zyxvpxvq6csfxvn_n000013800008t/T: Permission denied
find: /System/Volumes/Data/private/var/folders/zz/zyxvpxvq6csfxvn_n000013800008t/C: Permission denied
find: /System/Volumes/Data/private/var/folders/zz/zyxvpxvq6csfxvn_n00000tm00006n/T: Permission denied
find: /System/Volumes/Data/private/var/folders/zz/zyxvpxvq6csfxvn_n00000tm00006n/C: Permission denied
find: /System/Volumes/Data/private/var/folders/zz/zyxvpxvq6csfxvn_n000010w000087/T: Permission denied
find: /System/Volumes/Data/private/var/folders/zz/zyxvpxvq6csfxvn_n000010w000087/C: Permission denied
find: /System/Volumes/Data/private/var/folders/zz/zyxvpxvq6csfxvn_n00000y800007k/0/com.apple.nsurlsessiond: Operation not permitted
find: /System/Volumes/Data/private/var/folders/zz/zyxvpxvq6csfxvn_n00000y800007k/T: Permission denied
find: /System/Volumes/Data/private/var/folders/zz/zyxvpxvq6csfxvn_n00000y800007k/C: Permission denied
find: /System/Volumes/Data/private/var/folders/zz/zyxvpxvq6csfxvn_n0000108000082/T: Permission denied
find: /System/Volumes/Data/private/var/folders/zz/zyxvpxvq6csfxvn_n0000108000082/C: Permission denied
find: /System/Volumes/Data/private/var/folders/zz/zyxvpxvq6csfxvn_n0000114000089/T: Permission denied
find: /System/Volumes/Data/private/var/folders/zz/zyxvpxvq6csfxvn_n0000114000089/C: Permission denied
find: /System/Volumes/Data/private/var/folders/zz/zyxvpxvq6csfxvn_n00000z000007r/0/com.apple.ScreenTimeAgent/Store: Operation not permitted
find: /System/Volumes/Data/private/var/folders/zz/zyxvpxvq6csfxvn_n00000z000007r/0/com.apple.lockoutagent: Operation not permitted
find: /System/Volumes/Data/private/var/folders/zz/zyxvpxvq6csfxvn_n00000z000007r/0/com.apple.exchangesync: Operation not permitted
find: /System/Volumes/Data/private/var/folders/zz/zyxvpxvq6csfxvn_n00000z000007r/0/com.apple.Spotlight: Permission denied
find: /System/Volumes/Data/private/var/folders/zz/zyxvpxvq6csfxvn_n00000z000007r/0/dmd: Operation not permitted
find: /System/Volumes/Data/private/var/folders/zz/zyxvpxvq6csfxvn_n00000z000007r/0/com.apple.notificationcenter: Permission denied
find: /System/Volumes/Data/private/var/folders/zz/zyxvpxvq6csfxvn_n00000z000007r/0/com.apple.nsurlsessiond: Operation not permitted
find: /System/Volumes/Data/private/var/folders/zz/zyxvpxvq6csfxvn_n00000z000007r/0/com.apple.routined/dv: Operation not permitted
find: /System/Volumes/Data/private/var/folders/zz/zyxvpxvq6csfxvn_n00000z000007r/0/com.apple.pluginkit: Permission denied
find: /System/Volumes/Data/private/var/folders/zz/zyxvpxvq6csfxvn_n00000z000007r/T: Permission denied
find: /System/Volumes/Data/private/var/folders/zz/zyxvpxvq6csfxvn_n00000z000007r/C: Permission denied
find: /System/Volumes/Data/private/var/folders/zz/zyxvpxvq6csfxvn_n000006w00001q/T: Permission denied
find: /System/Volumes/Data/private/var/folders/zz/zyxvpxvq6csfxvn_n000006w00001q/C: Permission denied
find: /System/Volumes/Data/private/var/folders/zz/zyxvpxvq6csfxvn_n00000s0000068/T: Permission denied
find: /System/Volumes/Data/private/var/folders/zz/zyxvpxvq6csfxvn_n00000s0000068/C: Permission denied
find: /System/Volumes/Data/private/var/folders/zz/zyxvpxvq6csfxvn_n000012r00008p/T: Permission denied
find: /System/Volumes/Data/private/var/folders/zz/zyxvpxvq6csfxvn_n000012r00008p/C: Permission denied
find: /System/Volumes/Data/private/var/folders/zz/zyxvpxvq6csfxvn_n000012400008j/T: Permission denied
find: /System/Volumes/Data/private/var/folders/zz/zyxvpxvq6csfxvn_n000012400008j/C: Permission denied
find: /System/Volumes/Data/private/var/folders/zz/zyxvpxvq6csfxvn_n00000xc00007b/0/com.apple.pluginkit: Permission denied
find: /System/Volumes/Data/private/var/folders/zz/zyxvpxvq6csfxvn_n00000xc00007b/T: Permission denied
find: /System/Volumes/Data/private/var/folders/zz/zyxvpxvq6csfxvn_n00000xc00007b/C: Permission denied
find: /System/Volumes/Data/private/var/folders/zz/zyxvpxvq6csfxvn_n000010h000084/T: Permission denied
find: /System/Volumes/Data/private/var/folders/zz/zyxvpxvq6csfxvn_n000010h000084/C: Permission denied
find: /System/Volumes/Data/private/var/folders/zz/zyxvpxvq6csfxvn_n00000yw00007q/T: Permission denied
find: /System/Volumes/Data/private/var/folders/zz/zyxvpxvq6csfxvn_n00000yw00007q/C: Permission denied
find: /System/Volumes/Data/private/var/folders/zz/zyxvpxvq6csfxvn_n00000bh00002w/T: Permission denied
find: /System/Volumes/Data/private/var/folders/zz/zyxvpxvq6csfxvn_n00000bh00002w/C: Permission denied
find: /System/Volumes/Data/private/var/folders/zz/zyxvpxvq6csfxvn_n0000000000000/0/com.apple.revisiond/com.apple.revisiond.temp: Permission denied
find: /System/Volumes/Data/private/var/folders/zz/zyxvpxvq6csfxvn_n0000000000000/0/com.apple.Spotlight: Permission denied
find: /System/Volumes/Data/private/var/folders/zz/zyxvpxvq6csfxvn_n0000000000000/0/com.apple.LaunchServices.dv: Operation not permitted
find: /System/Volumes/Data/private/var/folders/zz/zyxvpxvq6csfxvn_n0000000000000/0/com.apple.pluginkit: Permission denied
find: /System/Volumes/Data/private/var/folders/zz/zyxvpxvq6csfxvn_n0000000000000/T: Permission denied
find: /System/Volumes/Data/private/var/folders/zz/zyxvpxvq6csfxvn_n0000000000000/C: Permission denied
find: /System/Volumes/Data/private/var/folders/zz/zyxvpxvq6csfxvn_n000011w00008g/T: Permission denied
find: /System/Volumes/Data/private/var/folders/zz/zyxvpxvq6csfxvn_n000011w00008g/C: Permission denied
find: /System/Volumes/Data/private/var/run/mds: Permission denied
find: /System/Volumes/Data/private/var/protected/trustd/private: Operation not permitted
find: /System/Volumes/Data/private/var/protected/sfanalytics/FFFFEEEE-DDDD-CCCC-BBBB-AAAA00000059: Permission denied
find: /System/Volumes/Data/private/var/protected/sfanalytics/FFFFEEEE-DDDD-CCCC-BBBB-AAAA000000EB: Permission denied
find: /System/Volumes/Data/private/var/protected/sfanalytics/FFFFEEEE-DDDD-CCCC-BBBB-AAAA00000106: Permission denied
find: /System/Volumes/Data/private/var/protected/sfanalytics/FFFFEEEE-DDDD-CCCC-BBBB-AAAA00000116: Permission denied
find: /System/Volumes/Data/private/var/protected/sfanalytics/25B94307-6CB1-4810-ACDC-00FB89005192: Permission denied
find: /System/Volumes/Data/private/var/protected/sfanalytics/FFFFEEEE-DDDD-CCCC-BBBB-AAAA000000CD: Permission denied
find: /System/Volumes/Data/private/var/protected/sfanalytics/FFFFEEEE-DDDD-CCCC-BBBB-AAAA000000F8: Permission denied
find: /System/Volumes/Data/private/var/dirs_cleaner: Permission denied
find: /System/Volumes/Data/private/var/backups: Permission denied
find: /System/Volumes/Data/private/var/agentx: Permission denied
find: /System/Volumes/Data/.DocumentRevisions-V100: No such file or directory
find: /System/Volumes/Data/Users/ricky/Library/Application Support/CallHistoryTransactions: Operation not permitted
find: /System/Volumes/Data/Users/ricky/Library/Application Support/CloudDocs/session/db: Operation not permitted
find: /System/Volumes/Data/Users/ricky/Library/Application Support/com.apple.sharedfilelist: Operation not permitted
find: /System/Volumes/Data/Users/ricky/Library/Application Support/Knowledge: Operation not permitted
find: /System/Volumes/Data/Users/ricky/Library/Application Support/com.apple.TCC: Operation not permitted
find: /System/Volumes/Data/Users/ricky/Library/Application Support/FileProvider: Operation not permitted
find: /System/Volumes/Data/Users/ricky/Library/Application Support/CallHistoryDB: Operation not permitted
find: /System/Volumes/Data/Users/ricky/Library/Assistant/SiriVocabulary: Operation not permitted
find: /System/Volumes/Data/Users/ricky/Library/Autosave Information: Operation not permitted
find: /System/Volumes/Data/Users/ricky/Library/IdentityServices: Operation not permitted
find: /System/Volumes/Data/Users/ricky/Library/Messages: Operation not permitted
find: /System/Volumes/Data/Users/ricky/Library/HomeKit: Operation not permitted
find: /System/Volumes/Data/Users/ricky/Library/Sharing: Operation not permitted
find: /System/Volumes/Data/Users/ricky/Library/Mail: Operation not permitted
find: /System/Volumes/Data/Users/ricky/Library/DuetExpertCenter: Operation not permitted
find: /System/Volumes/Data/Users/ricky/Library/Accounts: Operation not permitted
find: /System/Volumes/Data/Users/ricky/Library/Safari: Operation not permitted
find: /System/Volumes/Data/Users/ricky/Library/Biome: Operation not permitted
find: /System/Volumes/Data/Users/ricky/Library/Shortcuts: Operation not permitted
find: /System/Volumes/Data/Users/ricky/Library/Suggestions: Operation not permitted
find: /System/Volumes/Data/Users/ricky/Library/Group Containers/group.com.apple.secure-control-center-preferences: Operation not permitted
find: /System/Volumes/Data/Users/ricky/Library/Group Containers/group.com.apple.notes: Operation not permitted
find: /System/Volumes/Data/Users/ricky/Library/Containers/com.apple.Home: Operation not permitted
find: /System/Volumes/Data/Users/ricky/Library/Containers/com.apple.Safari: Operation not permitted
find: /System/Volumes/Data/Users/ricky/Library/Containers/com.apple.CloudDocs.MobileDocumentsFileProvider: Operation not permitted
find: /System/Volumes/Data/Users/ricky/Library/Containers/com.apple.mail: Operation not permitted
find: /System/Volumes/Data/Users/ricky/Library/Containers/com.apple.Notes: Operation not permitted
find: /System/Volumes/Data/Users/ricky/Library/Containers/com.apple.news: Operation not permitted
find: /System/Volumes/Data/Users/ricky/Library/Containers/com.apple.corerecents.recentsd/Data/Library/Recents: Operation not permitted
find: /System/Volumes/Data/Users/ricky/Library/Containers/com.apple.stocks: Operation not permitted
find: /System/Volumes/Data/Users/ricky/Library/PersonalizationPortrait: Operation not permitted
find: /System/Volumes/Data/Users/ricky/Library/Metadata/CoreSpotlight: Operation not permitted
find: /System/Volumes/Data/Users/ricky/Library/Cookies: Operation not permitted
find: /System/Volumes/Data/Users/ricky/Library/CoreFollowUp: Operation not permitted
find: /System/Volumes/Data/Users/ricky/Library/StatusKit: Operation not permitted
find: /System/Volumes/Data/Users/ricky/Library/Caches/com.apple.HomeKit: Operation not permitted
find: /System/Volumes/Data/Users/ricky/Library/Caches/CloudKit: Operation not permitted
find: /System/Volumes/Data/Users/ricky/Library/Caches/com.apple.Safari: Operation not permitted
find: /System/Volumes/Data/Users/ricky/Library/Caches/FamilyCircle: Operation not permitted
find: /System/Volumes/Data/Users/ricky/Library/Caches/com.apple.homed: Operation not permitted
find: /System/Volumes/Data/Users/ricky/Library/Caches/com.apple.ap.adprivacyd: Operation not permitted
find: /System/Volumes/Data/Users/ricky/.Trash: Operation not permitted
find: /System/Volumes/Data/Users/zipcoder/Music: Permission denied
find: /System/Volumes/Data/Users/zipcoder/Pictures: Permission denied
find: /System/Volumes/Data/Users/zipcoder/Desktop: Permission denied
find: /System/Volumes/Data/Users/zipcoder/Library: Permission denied
find: /System/Volumes/Data/Users/zipcoder/Public/Drop Box: Permission denied
find: /System/Volumes/Data/Users/zipcoder/Movies: Permission denied
find: /System/Volumes/Data/Users/zipcoder/.Trash: Operation not permitted
find: /System/Volumes/Data/Users/zipcoder/Documents: Permission denied
find: /System/Volumes/Data/Users/zipcoder/Downloads: Permission denied
find: /System/Volumes/Data/.TemporaryItems: No such file or directory
find: /System/Volumes/iSCPreboot: No such file or directory
find: /System/DriverKit: No such file or directory
find: /private/etc/cups/certs: Permission denied
find: /private/var/networkd/Library: Permission denied
find: /private/var/networkd/db: Operation not permitted
find: /private/var/install: Permission denied
find: /private/var/ma: Permission denied
find: /private/var/spool/mqueue: Permission denied
find: /private/var/spool/postfix/saved: Permission denied
find: /private/var/spool/postfix/trace: Permission denied
find: /private/var/spool/postfix/defer: Permission denied
find: /private/var/spool/postfix/flush: Permission denied
find: /private/var/spool/postfix/deferred: Permission denied
find: /private/var/spool/postfix/corrupt: Permission denied
find: /private/var/spool/postfix/public: Permission denied
find: /private/var/spool/postfix/private: Permission denied
find: /private/var/spool/postfix/incoming: Permission denied
find: /private/var/spool/postfix/active: Permission denied
find: /private/var/spool/postfix/maildrop: Permission denied
find: /private/var/spool/postfix/hold: Permission denied
find: /private/var/spool/postfix/bounce: Permission denied
find: /private/var/spool/cups: Permission denied
find: /private/var/jabberd: Permission denied
find: /private/var/audit: Permission denied
find: /private/var/root: Permission denied
find: /private/var/lib/postfix: Permission denied
find: /private/var/db/appinstalld: Operation not permitted
find: /private/var/db/diskimagesiod: Permission denied
find: /private/var/db/Spotlight: Operation not permitted
find: /private/var/db/locationd: Permission denied
find: /private/var/db/sysdiagnose/com.apple.sysdiagnose: Operation not permitted
find: /private/var/db/SoC: Operation not permitted
find: /private/var/db/DumpPanic: Operation not permitted
find: /private/var/db/analyticsd: Permission denied
find: /private/var/db/rmd: Permission denied
find: /private/var/db/knowledgegraphd: Permission denied
find: /private/var/db/nsurlsessiond: Permission denied
find: /private/var/db/softwareupdate/Library/WebKit: Permission denied
find: /private/var/db/softwareupdate/Library/Preferences: Permission denied
find: /private/var/db/fpsd: Permission denied
find: /private/var/db/hidd: Permission denied
find: /private/var/db/installcoordinationd: Operation not permitted
find: /private/var/db/Spotlight-V100: Operation not permitted
find: /private/var/db/geod: Permission denied
find: /private/var/db/oah: Operation not permitted
find: /private/var/db/reportmemoryexception: Permission denied
find: /private/var/db/Sandbox: Operation not permitted
find: /private/var/db/lockdown: Operation not permitted
find: /private/var/db/KernelExtensionManagement/Staging: Operation not permitted
find: /private/var/db/datadetectors: Permission denied
find: /private/var/db/cmiodalassistants: Permission denied
find: /private/var/db/DifferentialPrivacy: Operation not permitted
find: /private/var/db/com.apple.xpc.roleaccountd.staging: Permission denied
find: /private/var/db/dslocal/nodes/Default: Permission denied
find: /private/var/db/sudo: Permission denied
find: /private/var/db/nearbyd: Permission denied
find: /private/var/db/MobileIdentityService: Operation not permitted
find: /private/var/db/dhcpclient: Permission denied
find: /private/var/db/timed: Permission denied
find: /private/var/db/applepay: Permission denied
find: /private/var/db/darwindaemon: Permission denied
find: /private/var/db/securityagent: Permission denied
find: /private/var/db/accessoryupdater: Permission denied
find: /private/var/db/searchparty: Operation not permitted
find: /private/var/db/CoreDuet: Operation not permitted
find: /private/var/db/ConfigurationProfiles/Store: Operation not permitted
find: /private/var/db/caches/opendirectory: Permission denied
find: /private/var/at/tabs: Permission denied
find: /private/var/at/tmp: Permission denied
find: /private/var/folders/ky/vz1z7t952c3_k_d3jz0t_0c00000gp/0/com.apple.ScreenTimeAgent/Store: Operation not permitted
find: /private/var/folders/ky/vz1z7t952c3_k_d3jz0t_0c00000gp/0/com.apple.lockoutagent: Operation not permitted
find: /private/var/folders/ky/vz1z7t952c3_k_d3jz0t_0c00000gp/0/com.apple.progressd/ClassKit: Operation not permitted
find: /private/var/folders/ky/vz1z7t952c3_k_d3jz0t_0c00000gp/0/com.apple.exchangesync: Operation not permitted
find: /private/var/folders/ky/vz1z7t952c3_k_d3jz0t_0c00000gp/0/com.apple.LaunchServices.dv: Operation not permitted
find: /private/var/folders/ky/vz1z7t952c3_k_d3jz0t_0c00000gp/0/dmd: Operation not permitted
find: /private/var/folders/ky/vz1z7t952c3_k_d3jz0t_0c00000gp/0/com.apple.nsurlsessiond: Operation not permitted
find: /private/var/folders/ky/vz1z7t952c3_k_d3jz0t_0c00000gp/0/com.apple.SharedWebCredentials: Operation not permitted
find: /private/var/folders/ky/vz1z7t952c3_k_d3jz0t_0c00000gp/0/com.apple.routined/dv: Operation not permitted
find: /private/var/folders/ky/vz1z7t952c3_k_d3jz0t_0c00000gp/T/com.apple.stocks.detailintents/TemporaryItems: Operation not permitted
find: /private/var/folders/ky/vz1z7t952c3_k_d3jz0t_0c00000gp/T/com.apple.appleaccountd/TemporaryItems: Operation not permitted
find: /private/var/folders/ky/vz1z7t952c3_k_d3jz0t_0c00000gp/T/com.apple.ScreenTimeAgent/TemporaryItems: Operation not permitted
find: /private/var/folders/ky/vz1z7t952c3_k_d3jz0t_0c00000gp/T/com.apple.weather.widget/TemporaryItems: Operation not permitted
find: /private/var/folders/ky/vz1z7t952c3_k_d3jz0t_0c00000gp/T/com.apple.siriactionsd/TemporaryItems: Operation not permitted
find: /private/var/folders/ky/vz1z7t952c3_k_d3jz0t_0c00000gp/T/com.apple.progressd/TemporaryItems: Operation not permitted
find: /private/var/folders/ky/vz1z7t952c3_k_d3jz0t_0c00000gp/T/com.apple.photolibraryd/TemporaryItems: Operation not permitted
find: /private/var/folders/ky/vz1z7t952c3_k_d3jz0t_0c00000gp/T/com.apple.trustd/TemporaryItems: Operation not permitted
find: /private/var/folders/ky/vz1z7t952c3_k_d3jz0t_0c00000gp/T/com.apple.triald/TemporaryItems: Operation not permitted
find: /private/var/folders/ky/vz1z7t952c3_k_d3jz0t_0c00000gp/T/com.apple.BKAgentService/TemporaryItems: Operation not permitted
find: /private/var/folders/ky/vz1z7t952c3_k_d3jz0t_0c00000gp/T/com.apple.mediastream.mstreamd/TemporaryItems: Operation not permitted
find: /private/var/folders/ky/vz1z7t952c3_k_d3jz0t_0c00000gp/T/com.apple.news.tag/TemporaryItems: Operation not permitted
find: /private/var/folders/ky/vz1z7t952c3_k_d3jz0t_0c00000gp/T/com.apple.Home/TemporaryItems: Operation not permitted
find: /private/var/folders/ky/vz1z7t952c3_k_d3jz0t_0c00000gp/T/com.apple.Safari/TemporaryItems: Operation not permitted
find: /private/var/folders/ky/vz1z7t952c3_k_d3jz0t_0c00000gp/T/com.apple.news.widget/TemporaryItems: Operation not permitted
find: /private/var/folders/ky/vz1z7t952c3_k_d3jz0t_0c00000gp/T/com.apple.mapspushd/TemporaryItems: Operation not permitted
find: /private/var/folders/ky/vz1z7t952c3_k_d3jz0t_0c00000gp/T/com.apple.photoanalysisd/TemporaryItems: Operation not permitted
find: /private/var/folders/ky/vz1z7t952c3_k_d3jz0t_0c00000gp/T/com.apple.appstoreagent/TemporaryItems: Operation not permitted
find: /private/var/folders/ky/vz1z7t952c3_k_d3jz0t_0c00000gp/T/com.apple.notificationcenterui/TemporaryItems: Operation not permitted
find: /private/var/folders/ky/vz1z7t952c3_k_d3jz0t_0c00000gp/T/com.apple.BiomeAgent/TemporaryItems: Operation not permitted
find: /private/var/folders/ky/vz1z7t952c3_k_d3jz0t_0c00000gp/T/com.apple.icloud.searchpartyd/TemporaryItems: Operation not permitted
find: /private/var/folders/ky/vz1z7t952c3_k_d3jz0t_0c00000gp/T/TemporaryItems: Operation not permitted
find: /private/var/folders/ky/vz1z7t952c3_k_d3jz0t_0c00000gp/T/com.apple.parsec-fbf/TemporaryItems: Operation not permitted
find: /private/var/folders/ky/vz1z7t952c3_k_d3jz0t_0c00000gp/T/gamed/TemporaryItems: Operation not permitted
find: /private/var/folders/ky/vz1z7t952c3_k_d3jz0t_0c00000gp/T/com.apple.fileproviderd/TemporaryItems: Operation not permitted
find: /private/var/folders/ky/vz1z7t952c3_k_d3jz0t_0c00000gp/T/com.apple.nsurlsessiond/TemporaryItems: Operation not permitted
find: /private/var/folders/ky/vz1z7t952c3_k_d3jz0t_0c00000gp/T/com.apple.MobileSMS/TemporaryItems: Operation not permitted
find: /private/var/folders/ky/vz1z7t952c3_k_d3jz0t_0c00000gp/T/com.apple.AppStore/TemporaryItems: Operation not permitted
find: /private/var/folders/ky/vz1z7t952c3_k_d3jz0t_0c00000gp/T/com.apple.news.widgetintents/TemporaryItems: Operation not permitted
find: /private/var/folders/ky/vz1z7t952c3_k_d3jz0t_0c00000gp/T/com.apple.passd/TemporaryItems: Operation not permitted
find: /private/var/folders/ky/vz1z7t952c3_k_d3jz0t_0c00000gp/T/com.apple.remindd/TemporaryItems: Operation not permitted
find: /private/var/folders/ky/vz1z7t952c3_k_d3jz0t_0c00000gp/T/com.apple.studentd/TemporaryItems: Operation not permitted
find: /private/var/folders/ky/vz1z7t952c3_k_d3jz0t_0c00000gp/T/com.apple.parsecd/TemporaryItems: Operation not permitted
find: /private/var/folders/ky/vz1z7t952c3_k_d3jz0t_0c00000gp/T/icdd/TemporaryItems: Operation not permitted
find: /private/var/folders/ky/vz1z7t952c3_k_d3jz0t_0c00000gp/T/com.apple.identityservicesd/TemporaryItems: Operation not permitted
find: /private/var/folders/ky/vz1z7t952c3_k_d3jz0t_0c00000gp/T/com.apple.sharingd/TemporaryItems: Operation not permitted
find: /private/var/folders/ky/vz1z7t952c3_k_d3jz0t_0c00000gp/T/com.apple.geod/TemporaryItems: Operation not permitted
find: /private/var/folders/ky/vz1z7t952c3_k_d3jz0t_0c00000gp/T/com.apple.bird/TemporaryItems: Operation not permitted
find: /private/var/folders/ky/vz1z7t952c3_k_d3jz0t_0c00000gp/T/com.apple.routined/TemporaryItems: Operation not permitted
find: /private/var/folders/ky/vz1z7t952c3_k_d3jz0t_0c00000gp/T/com.apple.stocks.widget/TemporaryItems: Operation not permitted
find: /private/var/folders/ky/vz1z7t952c3_k_d3jz0t_0c00000gp/T/homed/TemporaryItems: Operation not permitted
find: /private/var/folders/ky/vz1z7t952c3_k_d3jz0t_0c00000gp/T/com.apple.quicklook.ThumbnailsAgent/TemporaryItems: Operation not permitted
find: /private/var/folders/ky/vz1z7t952c3_k_d3jz0t_0c00000gp/T/com.apple.pluginkit/TemporaryItems: Operation not permitted
find: /private/var/folders/ky/vz1z7t952c3_k_d3jz0t_0c00000gp/T/com.apple.donotdisturbd/TemporaryItems: Operation not permitted
find: /private/var/folders/ky/vz1z7t952c3_k_d3jz0t_0c00000gp/T/itunescloudd/TemporaryItems: Operation not permitted
find: /private/var/folders/ky/vz1z7t952c3_k_d3jz0t_0c00000gp/T/com.apple.CloudDocsDaemon.container-metadata-extractor/TemporaryItems: Operation not permitted
find: /private/var/folders/ky/vz1z7t952c3_k_d3jz0t_0c00000gp/T/com.apple.AvatarUI.AvatarPickerMemojiPicker/TemporaryItems: Operation not permitted
find: /private/var/folders/ky/vz1z7t952c3_k_d3jz0t_0c00000gp/T/com.apple.mediaanalysisd/TemporaryItems: Operation not permitted
find: /private/var/folders/ky/vz1z7t952c3_k_d3jz0t_0c00000gp/C/com.apple.WebKit.WebContent.Sandbox: Operation not permitted
find: /private/var/folders/ky/vz1z7t952c3_k_d3jz0t_0c00000gp/C/com.apple.WebKit.Networking.Sandbox: Operation not permitted
find: /private/var/folders/ky/vz1z7t952c3_k_d3jz0t_0c00000gp/C/com.apple.quicklook.ThumbnailsAgent/com.apple.QuickLook.thumbnailcache: Operation not permitted
find: /private/var/folders/ky/vz1z7t952c3_k_d3jz0t_0c00000gp/C/com.apple.WebKit.GPU.Sandbox: Operation not permitted
find: /private/var/folders/4p/wm61vcp5411b6w03xrk02jk80000gn/0/com.apple.ScreenTimeAgent/Store: Operation not permitted
find: /private/var/folders/4p/wm61vcp5411b6w03xrk02jk80000gn/0/com.apple.lockoutagent: Operation not permitted
find: /private/var/folders/4p/wm61vcp5411b6w03xrk02jk80000gn/0/com.apple.progressd/ClassKit: Operation not permitted
find: /private/var/folders/4p/wm61vcp5411b6w03xrk02jk80000gn/0/com.apple.LaunchServices.dv: Operation not permitted
find: /private/var/folders/4p/wm61vcp5411b6w03xrk02jk80000gn/0/dmd: Operation not permitted
find: /private/var/folders/4p/wm61vcp5411b6w03xrk02jk80000gn/0/com.apple.notificationcenter: Permission denied
find: /private/var/folders/4p/wm61vcp5411b6w03xrk02jk80000gn/0/com.apple.nsurlsessiond: Operation not permitted
find: /private/var/folders/4p/wm61vcp5411b6w03xrk02jk80000gn/0/com.apple.SharedWebCredentials: Operation not permitted
find: /private/var/folders/4p/wm61vcp5411b6w03xrk02jk80000gn/0/com.apple.routined/dv: Operation not permitted
find: /private/var/folders/4p/wm61vcp5411b6w03xrk02jk80000gn/0/com.apple.pluginkit: Permission denied
find: /private/var/folders/4p/wm61vcp5411b6w03xrk02jk80000gn/0/com.apple.dock.launchpad: Permission denied
find: /private/var/folders/4p/wm61vcp5411b6w03xrk02jk80000gn/T: Permission denied
find: /private/var/folders/4p/wm61vcp5411b6w03xrk02jk80000gn/C: Permission denied
find: /private/var/folders/zz/zyxvpxvq6csfxvn_n00000b000002r/T: Permission denied
find: /private/var/folders/zz/zyxvpxvq6csfxvn_n00000b000002r/C: Permission denied
find: /private/var/folders/zz/zyxvpxvq6csfxvn_n000010r000086/T: Permission denied
find: /private/var/folders/zz/zyxvpxvq6csfxvn_n000010r000086/C: Permission denied
find: /private/var/folders/zz/zyxvpxvq6csfxvn_n00000sm00006d/0: Operation not permitted
find: /private/var/folders/zz/zyxvpxvq6csfxvn_n00000sm00006d/T: Permission denied
find: /private/var/folders/zz/zyxvpxvq6csfxvn_n00000sm00006d/C: Operation not permitted
find: /private/var/folders/zz/zyxvpxvq6csfxvn_n000011m00008d/T: Permission denied
find: /private/var/folders/zz/zyxvpxvq6csfxvn_n000011m00008d/C: Permission denied
find: /private/var/folders/zz/zyxvpxvq6csfxvn_n00000b400002s/T: Permission denied
find: /private/var/folders/zz/zyxvpxvq6csfxvn_n00000b400002s/C: Permission denied
find: /private/var/folders/zz/zyxvpxvq6csfxvn_n00000y000007h/T: Permission denied
find: /private/var/folders/zz/zyxvpxvq6csfxvn_n00000y000007h/C: Permission denied
find: /private/var/folders/zz/zyxvpxvq6csfxvn_n000003000000r/T: Permission denied
find: /private/var/folders/zz/zyxvpxvq6csfxvn_n000003000000r/C: Permission denied
find: /private/var/folders/zz/zyxvpxvq6csfxvn_n00000s800006_/T: Permission denied
find: /private/var/folders/zz/zyxvpxvq6csfxvn_n00000s800006_/C: Permission denied
find: /private/var/folders/zz/zyxvpxvq6csfxvn_n0000084000021/T: Permission denied
find: /private/var/folders/zz/zyxvpxvq6csfxvn_n0000084000021/C: Permission denied
find: /private/var/folders/zz/zyxvpxvq6csfxvn_n000013800008t/T: Permission denied
find: /private/var/folders/zz/zyxvpxvq6csfxvn_n000013800008t/C: Permission denied
find: /private/var/folders/zz/zyxvpxvq6csfxvn_n00000tm00006n/T: Permission denied
find: /private/var/folders/zz/zyxvpxvq6csfxvn_n00000tm00006n/C: Permission denied
find: /private/var/folders/zz/zyxvpxvq6csfxvn_n000010w000087/T: Permission denied
find: /private/var/folders/zz/zyxvpxvq6csfxvn_n000010w000087/C: Permission denied
find: /private/var/folders/zz/zyxvpxvq6csfxvn_n00000y800007k/0/com.apple.nsurlsessiond: Operation not permitted
find: /private/var/folders/zz/zyxvpxvq6csfxvn_n00000y800007k/T: Permission denied
find: /private/var/folders/zz/zyxvpxvq6csfxvn_n00000y800007k/C: Permission denied
find: /private/var/folders/zz/zyxvpxvq6csfxvn_n0000108000082/T: Permission denied
find: /private/var/folders/zz/zyxvpxvq6csfxvn_n0000108000082/C: Permission denied
find: /private/var/folders/zz/zyxvpxvq6csfxvn_n0000114000089/T: Permission denied
find: /private/var/folders/zz/zyxvpxvq6csfxvn_n0000114000089/C: Permission denied
find: /private/var/folders/zz/zyxvpxvq6csfxvn_n00000z000007r/0/com.apple.ScreenTimeAgent/Store: Operation not permitted
find: /private/var/folders/zz/zyxvpxvq6csfxvn_n00000z000007r/0/com.apple.lockoutagent: Operation not permitted
find: /private/var/folders/zz/zyxvpxvq6csfxvn_n00000z000007r/0/com.apple.exchangesync: Operation not permitted
find: /private/var/folders/zz/zyxvpxvq6csfxvn_n00000z000007r/0/com.apple.Spotlight: Permission denied
find: /private/var/folders/zz/zyxvpxvq6csfxvn_n00000z000007r/0/dmd: Operation not permitted
find: /private/var/folders/zz/zyxvpxvq6csfxvn_n00000z000007r/0/com.apple.notificationcenter: Permission denied
find: /private/var/folders/zz/zyxvpxvq6csfxvn_n00000z000007r/0/com.apple.nsurlsessiond: Operation not permitted
find: /private/var/folders/zz/zyxvpxvq6csfxvn_n00000z000007r/0/com.apple.routined/dv: Operation not permitted
find: /private/var/folders/zz/zyxvpxvq6csfxvn_n00000z000007r/0/com.apple.pluginkit: Permission denied
find: /private/var/folders/zz/zyxvpxvq6csfxvn_n00000z000007r/T: Permission denied
find: /private/var/folders/zz/zyxvpxvq6csfxvn_n00000z000007r/C: Permission denied
find: /private/var/folders/zz/zyxvpxvq6csfxvn_n000006w00001q/T: Permission denied
find: /private/var/folders/zz/zyxvpxvq6csfxvn_n000006w00001q/C: Permission denied
find: /private/var/folders/zz/zyxvpxvq6csfxvn_n00000s0000068/T: Permission denied
find: /private/var/folders/zz/zyxvpxvq6csfxvn_n00000s0000068/C: Permission denied
find: /private/var/folders/zz/zyxvpxvq6csfxvn_n000012r00008p/T: Permission denied
find: /private/var/folders/zz/zyxvpxvq6csfxvn_n000012r00008p/C: Permission denied
find: /private/var/folders/zz/zyxvpxvq6csfxvn_n000012400008j/T: Permission denied
find: /private/var/folders/zz/zyxvpxvq6csfxvn_n000012400008j/C: Permission denied
find: /private/var/folders/zz/zyxvpxvq6csfxvn_n00000xc00007b/0/com.apple.pluginkit: Permission denied
find: /private/var/folders/zz/zyxvpxvq6csfxvn_n00000xc00007b/T: Permission denied
find: /private/var/folders/zz/zyxvpxvq6csfxvn_n00000xc00007b/C: Permission denied
find: /private/var/folders/zz/zyxvpxvq6csfxvn_n000010h000084/T: Permission denied
find: /private/var/folders/zz/zyxvpxvq6csfxvn_n000010h000084/C: Permission denied
find: /private/var/folders/zz/zyxvpxvq6csfxvn_n00000yw00007q/T: Permission denied
find: /private/var/folders/zz/zyxvpxvq6csfxvn_n00000yw00007q/C: Permission denied
find: /private/var/folders/zz/zyxvpxvq6csfxvn_n00000bh00002w/T: Permission denied
find: /private/var/folders/zz/zyxvpxvq6csfxvn_n00000bh00002w/C: Permission denied
find: /private/var/folders/zz/zyxvpxvq6csfxvn_n0000000000000/0/com.apple.revisiond/com.apple.revisiond.temp: Permission denied
find: /private/var/folders/zz/zyxvpxvq6csfxvn_n0000000000000/0/com.apple.Spotlight: Permission denied
find: /private/var/folders/zz/zyxvpxvq6csfxvn_n0000000000000/0/com.apple.LaunchServices.dv: Operation not permitted
find: /private/var/folders/zz/zyxvpxvq6csfxvn_n0000000000000/0/com.apple.pluginkit: Permission denied
find: /private/var/folders/zz/zyxvpxvq6csfxvn_n0000000000000/T: Permission denied
find: /private/var/folders/zz/zyxvpxvq6csfxvn_n0000000000000/C: Permission denied
find: /private/var/folders/zz/zyxvpxvq6csfxvn_n000011w00008g/T: Permission denied
find: /private/var/folders/zz/zyxvpxvq6csfxvn_n000011w00008g/C: Permission denied
find: /private/var/run/mds: Permission denied
find: /private/var/protected/trustd/private: Operation not permitted
find: /private/var/protected/sfanalytics/FFFFEEEE-DDDD-CCCC-BBBB-AAAA00000059: Permission denied
find: /private/var/protected/sfanalytics/FFFFEEEE-DDDD-CCCC-BBBB-AAAA000000EB: Permission denied
find: /private/var/protected/sfanalytics/FFFFEEEE-DDDD-CCCC-BBBB-AAAA00000106: Permission denied
find: /private/var/protected/sfanalytics/FFFFEEEE-DDDD-CCCC-BBBB-AAAA00000116: Permission denied
find: /private/var/protected/sfanalytics/25B94307-6CB1-4810-ACDC-00FB89005192: Permission denied
find: /private/var/protected/sfanalytics/FFFFEEEE-DDDD-CCCC-BBBB-AAAA000000CD: Permission denied
find: /private/var/protected/sfanalytics/FFFFEEEE-DDDD-CCCC-BBBB-AAAA000000F8: Permission denied
find: /private/var/dirs_cleaner: Permission denied
find: /private/var/backups: Permission denied
find: /private/var/agentx: Permission denied
find: /Users/ricky/Library/Application Support/CallHistoryTransactions: Operation not permitted
find: /Users/ricky/Library/Application Support/CloudDocs/session/db: Operation not permitted
find: /Users/ricky/Library/Application Support/com.apple.sharedfilelist: Operation not permitted
find: /Users/ricky/Library/Application Support/Knowledge: Operation not permitted
find: /Users/ricky/Library/Application Support/com.apple.TCC: Operation not permitted
find: /Users/ricky/Library/Application Support/FileProvider: Operation not permitted
find: /Users/ricky/Library/Application Support/CallHistoryDB: Operation not permitted
find: /Users/ricky/Library/Assistant/SiriVocabulary: Operation not permitted
find: /Users/ricky/Library/Autosave Information: Operation not permitted
find: /Users/ricky/Library/IdentityServices: Operation not permitted
find: /Users/ricky/Library/Messages: Operation not permitted
find: /Users/ricky/Library/HomeKit: Operation not permitted
find: /Users/ricky/Library/Sharing: Operation not permitted
find: /Users/ricky/Library/Mail: Operation not permitted
find: /Users/ricky/Library/DuetExpertCenter: Operation not permitted
find: /Users/ricky/Library/Accounts: Operation not permitted
find: /Users/ricky/Library/Safari: Operation not permitted
find: /Users/ricky/Library/Biome: Operation not permitted
find: /Users/ricky/Library/Shortcuts: Operation not permitted
find: /Users/ricky/Library/Suggestions: Operation not permitted
find: /Users/ricky/Library/Group Containers/group.com.apple.secure-control-center-preferences: Operation not permitted
find: /Users/ricky/Library/Group Containers/group.com.apple.notes: Operation not permitted
find: /Users/ricky/Library/Containers/com.apple.Home: Operation not permitted
find: /Users/ricky/Library/Containers/com.apple.Safari: Operation not permitted
find: /Users/ricky/Library/Containers/com.apple.CloudDocs.MobileDocumentsFileProvider: Operation not permitted
find: /Users/ricky/Library/Containers/com.apple.mail: Operation not permitted
find: /Users/ricky/Library/Containers/com.apple.Notes: Operation not permitted
find: /Users/ricky/Library/Containers/com.apple.news: Operation not permitted
find: /Users/ricky/Library/Containers/com.apple.corerecents.recentsd/Data/Library/Recents: Operation not permitted
find: /Users/ricky/Library/Containers/com.apple.stocks: Operation not permitted
find: /Users/ricky/Library/PersonalizationPortrait: Operation not permitted
find: /Users/ricky/Library/Metadata/CoreSpotlight: Operation not permitted
find: /Users/ricky/Library/Cookies: Operation not permitted
find: /Users/ricky/Library/CoreFollowUp: Operation not permitted
find: /Users/ricky/Library/StatusKit: Operation not permitted
find: /Users/ricky/Library/Caches/com.apple.HomeKit: Operation not permitted
find: /Users/ricky/Library/Caches/CloudKit: Operation not permitted
find: /Users/ricky/Library/Caches/com.apple.Safari: Operation not permitted
find: /Users/ricky/Library/Caches/FamilyCircle: Operation not permitted
find: /Users/ricky/Library/Caches/com.apple.homed: Operation not permitted
find: /Users/ricky/Library/Caches/com.apple.ap.adprivacyd: Operation not permitted
find: /Users/ricky/.Trash: Operation not permitted
find: /Users/zipcoder/Music: Permission denied
find: /Users/zipcoder/Pictures: Permission denied
find: /Users/zipcoder/Desktop: Permission denied
find: /Users/zipcoder/Library: Permission denied
find: /Users/zipcoder/Public/Drop Box: Permission denied
find: /Users/zipcoder/Movies: Permission denied
find: /Users/zipcoder/.Trash: Operation not permitted
find: /Users/zipcoder/Documents: Permission denied
find: /Users/zipcoder/Downloads: Permission denied
find: /dev/fd/3: Not a directory
find: /dev/fd/4: Not a directory
find: /dev/fd/6: Not a directory
